Determining if the pthread_create exist failed with the following output:
Change Dir: /home/lz/rrr/qt/CMakeFiles/CMakeTmp

Run Build Command:"/usr/bin/make" "cmTC_1c19a/fast"
/usr/bin/make -f CMakeFiles/cmTC_1c19a.dir/build.make CMakeFiles/cmTC_1c19a.dir/build
make[1]: Entering directory '/home/lz/rrr/qt/CMakeFiles/CMakeTmp'
Building C object CMakeFiles/cmTC_1c19a.dir/CheckSymbolExists.c.o
/usr/bin/cc    -o CMakeFiles/cmTC_1c19a.dir/CheckSymbolExists.c.o   -c /home/lz/rrr/qt/CMakeFiles/CMakeTmp/CheckSymbolExists.c
Linking C executable cmTC_1c19a
/usr/bin/cmake -E cmake_link_script CMakeFiles/cmTC_1c19a.dir/link.txt --verbose=1
/usr/bin/cc      -rdynamic CMakeFiles/cmTC_1c19a.dir/CheckSymbolExists.c.o  -o cmTC_1c19a 
CMakeFiles/cmTC_1c19a.dir/CheckSymbolExists.c.o: In function `main':
CheckSymbolExists.c:(.text+0x1b): undefined reference to `pthread_create'
collect2: error: ld returned 1 exit status
CMakeFiles/cmTC_1c19a.dir/build.make:97: recipe for target 'cmTC_1c19a' failed
make[1]: *** [cmTC_1c19a] Error 1
make[1]: Leaving directory '/home/lz/rrr/qt/CMakeFiles/CMakeTmp'
Makefile:126: recipe for target 'cmTC_1c19a/fast' failed
make: *** [cmTC_1c19a/fast] Error 2

File /home/lz/rrr/qt/CMakeFiles/CMakeTmp/CheckSymbolExists.c:
/* */
#include <pthread.h>

int main(int argc, char** argv)
{
  (void)argv;
#ifndef pthread_create
  return ((int*)(&pthread_create))[argc];
#else
  (void)argc;
  return 0;
#endif
}

Determining if the function pthread_create exists in the pthreads failed with the following output:
Change Dir: /home/lz/rrr/qt/CMakeFiles/CMakeTmp

Run Build Command:"/usr/bin/make" "cmTC_c6b79/fast"
/usr/bin/make -f CMakeFiles/cmTC_c6b79.dir/build.make CMakeFiles/cmTC_c6b79.dir/build
make[1]: Entering directory '/home/lz/rrr/qt/CMakeFiles/CMakeTmp'
Building C object CMakeFiles/cmTC_c6b79.dir/CheckFunctionExists.c.o
/usr/bin/cc   -DCHECK_FUNCTION_EXISTS=pthread_create   -o CMakeFiles/cmTC_c6b79.dir/CheckFunctionExists.c.o   -c /usr/share/cmake-3.9/Modules/CheckFunctionExists.c
Linking C executable cmTC_c6b79
/usr/bin/cmake -E cmake_link_script CMakeFiles/cmTC_c6b79.dir/link.txt --verbose=1
/usr/bin/cc  -DCHECK_FUNCTION_EXISTS=pthread_create    -rdynamic CMakeFiles/cmTC_c6b79.dir/CheckFunctionExists.c.o  -o cmTC_c6b79 -lpthreads 
/usr/bin/ld: cannot find -lpthreads
collect2: error: ld returned 1 exit status
CMakeFiles/cmTC_c6b79.dir/build.make:97: recipe for target 'cmTC_c6b79' failed
make[1]: *** [cmTC_c6b79] Error 1
make[1]: Leaving directory '/home/lz/rrr/qt/CMakeFiles/CMakeTmp'
Makefile:126: recipe for target 'cmTC_c6b79/fast' failed
make: *** [cmTC_c6b79/fast] Error 2


